<?xml version="1.0" encoding="UTF-8"?>
<!-- Generated by org.testng.reporters.JUnitXMLReporter -->
<testsuite ignored="0" hostname="DESKTOP-TTB3E54" failures="0" tests="8" name="Test" time="8.944" errors="0" timestamp="2021-10-14T18:19:01 EDT">
  <testcase classname="Github" name="post" time="4.688"/>
  <testcase classname="Github" name="patch_request" time="0.552"/>
  <testcase classname="Github" name="Getrequest" time="0.273"/>
  <testcase classname="Github" name="delete" time="0.907"/>
  <testcase classname="Trello_Board" name="post" time="0.538"/>
  <testcase classname="Trello_Board" name="put" time="0.311"/>
  <testcase classname="Trello_Board" name="get" time="0.311"/>
  <testcase classname="Trello_Board" name="delete" time="1.297"/>
</testsuite> <!-- Test -->
