# JRE version: Java(TM) SE Runtime Environment 18.9 (11.0.12+8) (build 11.0.12+8-LTS-237)
# Java VM: Java HotSpot(TM) 64-Bit Server VM 18.9 (11.0.12+8-LTS-237, mixed mode, tiered, compressed oops, g1 gc, windows-amd64)
Heap:
 garbage-first heap   total 131072K, used 23354K [0x0000000081800000, 0x0000000100000000)
  region size 1024K, 17 young (17408K), 3 survivors (3072K)
 Metaspace       used 23998K, capacity 24550K, committed 24880K, reserved 1071104K
  class space    used 2392K, capacity 2608K, committed 2688K, reserved 1048576K
GC Heap History (8 events):
Event: 1.256 GC heap before
{Heap before GC invocations=0 (full 0):
 garbage-first heap   total 131072K, used 13312K [0x0000000081800000, 0x0000000100000000)
  region size 1024K, 14 young (14336K), 0 survivors (0K)
 Metaspace       used 13060K, capacity 13316K, committed 13440K, reserved 1060864K
  class space    used 1267K, capacity 1333K, committed 1408K, reserved 1048576K
}
Event: 1.261 GC heap after
{Heap after GC invocations=1 (full 0):
 garbage-first heap   total 131072K, used 3163K [0x0000000081800000, 0x0000000100000000)
  region size 1024K, 2 young (2048K), 2 survivors (2048K)
 Metaspace       used 13060K, capacity 13316K, committed 13440K, reserved 1060864K
  class space    used 1267K, capacity 1333K, committed 1408K, reserved 1048576K
}
Event: 1.448 GC heap before
{Heap before GC invocations=1 (full 0):
 garbage-first heap   total 131072K, used 11355K [0x0000000081800000, 0x0000000100000000)
  region size 1024K, 10 young (10240K), 2 survivors (2048K)
 Metaspace       used 15284K, capacity 15706K, committed 15744K, reserved 1062912K
  class space    used 1539K, capacity 1663K, committed 1664K, reserved 1048576K
}
Event: 1.452 GC heap after
{Heap after GC invocations=2 (full 0):
 garbage-first heap   total 131072K, used 3852K [0x0000000081800000, 0x0000000100000000)
  region size 1024K, 1 young (1024K), 1 survivors (1024K)
 Metaspace       used 15284K, capacity 15706K, committed 15744K, reserved 1062912K
  class space    used 1539K, capacity 1663K, committed 1664K, reserved 1048576K
}
Event: 1.964 GC heap before
{Heap before GC invocations=2 (full 0):
 garbage-first heap   total 131072K, used 20236K [0x0000000081800000, 0x0000000100000000)
  region size 1024K, 19 young (19456K), 1 survivors (1024K)
 Metaspace       used 20566K, capacity 21093K, committed 21296K, reserved 1069056K
  class space    used 2106K, capacity 2314K, committed 2432K, reserved 1048576K
}
Event: 1.971 GC heap after
{Heap after GC invocations=3 (full 0):
 garbage-first heap   total 131072K, used 7603K [0x0000000081800000, 0x0000000100000000)
  region size 1024K, 4 young (4096K), 4 survivors (4096K)
 Metaspace       used 20566K, capacity 21093K, committed 21296K, reserved 1069056K
  class space    used 2106K, capacity 2314K, committed 2432K, reserved 1048576K
}
Event: 2.414 GC heap before
{Heap before GC invocations=4 (full 0):
 garbage-first heap   total 131072K, used 38323K [0x0000000081800000, 0x0000000100000000)
  region size 1024K, 32 young (32768K), 4 survivors (4096K)
 Metaspace       used 23262K, capacity 23790K, committed 23984K, reserved 1071104K
  class space    used 2310K, capacity 2504K, committed 2560K, reserved 1048576K
}
Event: 2.421 GC heap after
{Heap after GC invocations=5 (full 0):
 garbage-first heap   total 131072K, used 10042K [0x0000000081800000, 0x0000000100000000)
  region size 1024K, 3 young (3072K), 3 survivors (3072K)
 Metaspace       used 23262K, capacity 23790K, committed 23984K, reserved 1071104K
  class space    used 2310K, capacity 2504K, committed 2560K, reserved 1048576K
}

