# JRE version: Java(TM) SE Runtime Environment 18.9 (11.0.12+8) (build 11.0.12+8-LTS-237)
# Java VM: Java HotSpot(TM) 64-Bit Server VM 18.9 (11.0.12+8-LTS-237, mixed mode, tiered, compressed oops, g1 gc, windows-amd64)
Heap:
 garbage-first heap   total 131072K, used 22586K [0x0000000081800000, 0x0000000100000000)
  region size 1024K, 16 young (16384K), 4 survivors (4096K)
 Metaspace       used 23960K, capacity 24550K, committed 24880K, reserved 1071104K
  class space    used 2384K, capacity 2608K, committed 2688K, reserved 1048576K
GC Heap History (8 events):
Event: 1.273 GC heap before
{Heap before GC invocations=0 (full 0):
 garbage-first heap   total 131072K, used 13312K [0x0000000081800000, 0x0000000100000000)
  region size 1024K, 14 young (14336K), 0 survivors (0K)
 Metaspace       used 13055K, capacity 13316K, committed 13440K, reserved 1060864K
  class space    used 1267K, capacity 1333K, committed 1408K, reserved 1048576K
}
Event: 1.277 GC heap after
{Heap after GC invocations=1 (full 0):
 garbage-first heap   total 131072K, used 3244K [0x0000000081800000, 0x0000000100000000)
  region size 1024K, 2 young (2048K), 2 survivors (2048K)
 Metaspace       used 13055K, capacity 13316K, committed 13440K, reserved 1060864K
  class space    used 1267K, capacity 1333K, committed 1408K, reserved 1048576K
}
Event: 1.421 GC heap before
{Heap before GC invocations=1 (full 0):
 garbage-first heap   total 131072K, used 11436K [0x0000000081800000, 0x0000000100000000)
  region size 1024K, 10 young (10240K), 2 survivors (2048K)
 Metaspace       used 15057K, capacity 15476K, committed 15744K, reserved 1062912K
  class space    used 1505K, capacity 1629K, committed 1664K, reserved 1048576K
}
Event: 1.424 GC heap after
{Heap after GC invocations=2 (full 0):
 garbage-first heap   total 131072K, used 4311K [0x0000000081800000, 0x0000000100000000)
  region size 1024K, 1 young (1024K), 1 survivors (1024K)
 Metaspace       used 15057K, capacity 15476K, committed 15744K, reserved 1062912K
  class space    used 1505K, capacity 1629K, committed 1664K, reserved 1048576K
}
Event: 1.921 GC heap before
{Heap before GC invocations=2 (full 0):
 garbage-first heap   total 131072K, used 21719K [0x0000000081800000, 0x0000000100000000)
  region size 1024K, 20 young (20480K), 1 survivors (1024K)
 Metaspace       used 20565K, capacity 21093K, committed 21296K, reserved 1069056K
  class space    used 2104K, capacity 2314K, committed 2432K, reserved 1048576K
}
Event: 1.927 GC heap after
{Heap after GC invocations=3 (full 0):
 garbage-first heap   total 131072K, used 8023K [0x0000000081800000, 0x0000000100000000)
  region size 1024K, 4 young (4096K), 4 survivors (4096K)
 Metaspace       used 20565K, capacity 21093K, committed 21296K, reserved 1069056K
  class space    used 2104K, capacity 2314K, committed 2432K, reserved 1048576K
}
Event: 2.461 GC heap before
{Heap before GC invocations=4 (full 0):
 garbage-first heap   total 131072K, used 40791K [0x0000000081800000, 0x0000000100000000)
  region size 1024K, 34 young (34816K), 4 survivors (4096K)
 Metaspace       used 23452K, capacity 23956K, committed 24240K, reserved 1071104K
  class space    used 2327K, capacity 2538K, committed 2560K, reserved 1048576K
}
Event: 2.469 GC heap after
{Heap after GC invocations=5 (full 0):
 garbage-first heap   total 131072K, used 11322K [0x0000000081800000, 0x0000000100000000)
  region size 1024K, 4 young (4096K), 4 survivors (4096K)
 Metaspace       used 23452K, capacity 23956K, committed 24240K, reserved 1071104K
  class space    used 2327K, capacity 2538K, committed 2560K, reserved 1048576K
}

