<?xml version="1.0" encoding="UTF-8"?>
<!-- Generated by org.testng.reporters.JUnitXMLReporter -->
<testsuite ignored="0" hostname="DESKTOP-TTB3E54" failures="0" tests="4" name="Default test" time="4.377" errors="0" timestamp="2021-10-14T18:15:11 EDT">
  <testcase classname="Trello_Board" name="post" time="3.076"/>
  <testcase classname="Trello_Board" name="put" time="0.374"/>
  <testcase classname="Trello_Board" name="get" time="0.322"/>
  <testcase classname="Trello_Board" name="delete" time="0.535"/>
</testsuite> <!-- Default test -->
