<?xml version="1.0" encoding="UTF-8"?>
<!-- Generated by org.testng.reporters.JUnitXMLReporter -->
<testsuite ignored="3" hostname="DESKTOP-TTB3E54" failures="0" tests="1" name="GRP-post" time="3.493" errors="0" timestamp="2021-10-13T16:25:55 EDT">
  <testcase classname="Trello_Board" name="post" time="3.436"/>
  <testcase classname="Trello_Board" name="put" time="0.0">
    <ignored/>
  </testcase> <!-- put -->
  <testcase classname="Trello_Board" name="get" time="0.0">
    <ignored/>
  </testcase> <!-- get -->
  <testcase classname="Trello_Board" name="delete" time="0.0">
    <ignored/>
  </testcase> <!-- delete -->
</testsuite> <!-- GRP-post -->
