<?xml version="1.0" encoding="UTF-8"?>
<!-- Generated by org.testng.reporters.JUnitXMLReporter -->
<testsuite ignored="2" hostname="DESKTOP-TTB3E54" failures="0" tests="2" name="GRP-putg" time="3.835" errors="0" timestamp="2021-10-14T00:14:34 EDT">
  <testcase classname="Trello_Board" name="post" time="3.399"/>
  <testcase classname="Trello_Board" name="put" time="0.377"/>
  <testcase classname="Trello_Board" name="get" time="0.0">
    <ignored/>
  </testcase> <!-- get -->
  <testcase classname="Trello_Board" name="delete" time="0.0">
    <ignored/>
  </testcase> <!-- delete -->
</testsuite> <!-- GRP-putg -->
