<?xml version="1.0" encoding="UTF-8"?>
<!-- Generated by org.testng.reporters.JUnitXMLReporter -->
<testsuite ignored="3" hostname="DESKTOP-TTB3E54" failures="0" tests="1" name="GRP-data" time="2.892" errors="0" timestamp="2021-10-06T20:52:47 EDT">
  <testcase classname="Github" name="post" time="2.833"/>
  <testcase classname="Github" name="delete" time="0.0">
    <ignored/>
  </testcase> <!-- delete -->
  <testcase classname="Github" name="patch_request" time="0.0">
    <ignored/>
  </testcase> <!-- patch_request -->
  <testcase classname="Github" name="Getrequest" time="0.0">
    <ignored/>
  </testcase> <!-- Getrequest -->
</testsuite> <!-- GRP-data -->
