<?xml version="1.0" encoding="UTF-8"?>
<testng-results ignored="0" total="8" passed="8" failed="0" skipped="0">
  <reporter-output>
  </reporter-output>
  <suite started-at="2021-10-14T18:18:52 EDT" name="Rest-assured" finished-at="2021-10-14T18:19:01 EDT" duration-ms="8944">
    <groups>
      <group name="data">
        <method signature="Github.post()[pri:1, instance:Github@2cd2a21f]" name="post" class="Github"/>
      </group> <!-- data -->
      <group name="Post">
        <method signature="Trello_Board.post(org.testng.ITestContext)[pri:1, instance:Trello_Board@4e096385]" name="post" class="Trello_Board"/>
      </group> <!-- Post -->
      <group name="get">
        <method signature="Trello_Board.get(org.testng.ITestContext)[pri:3, instance:Trello_Board@4e096385]" name="get" class="Trello_Board"/>
      </group> <!-- get -->
      <group name="Patch">
        <method signature="Github.patch_request()[pri:2, instance:Github@2cd2a21f]" name="patch_request" class="Github"/>
      </group> <!-- Patch -->
      <group name="delete">
        <method signature="Github.delete()[pri:4, instance:Github@2cd2a21f]" name="delete" class="Github"/>
        <method signature="Trello_Board.delete(org.testng.ITestContext)[pri:4, instance:Trello_Board@4e096385]" name="delete" class="Trello_Board"/>
      </group> <!-- delete -->
      <group name="put">
        <method signature="Trello_Board.put(org.testng.ITestContext)[pri:2, instance:Trello_Board@4e096385]" name="put" class="Trello_Board"/>
      </group> <!-- put -->
    </groups>
    <test started-at="2021-10-14T18:18:52 EDT" name="Test" finished-at="2021-10-14T18:19:01 EDT" duration-ms="8944">
      <class name="Trello_Board">
        <test-method signature="post(org.testng.ITestContext)[pri:1, instance:Trello_Board@4e096385]" started-at="2021-10-14T18:18:58 EDT" name="post" finished-at="2021-10-14T18:18:59 EDT" duration-ms="538" status="PASS">
          <params>
            <param index="0">
              <value>
                <![CDATA[org.testng.TestRunner@4b862408]]>
              </value>
            </param>
          </params>
          <reporter-output>
          </reporter-output>
        </test-method> <!-- post -->
        <test-method signature="put(org.testng.ITestContext)[pri:2, instance:Trello_Board@4e096385]" started-at="2021-10-14T18:18:59 EDT" name="put" finished-at="2021-10-14T18:18:59 EDT" depends-on-methods="Trello_Board.post" duration-ms="311" status="PASS">
          <params>
            <param index="0">
              <value>
                <![CDATA[org.testng.TestRunner@4b862408]]>
              </value>
            </param>
          </params>
          <reporter-output>
          </reporter-output>
        </test-method> <!-- put -->
        <test-method signature="get(org.testng.ITestContext)[pri:3, instance:Trello_Board@4e096385]" started-at="2021-10-14T18:18:59 EDT" name="get" finished-at="2021-10-14T18:18:59 EDT" depends-on-methods="Trello_Board.put" duration-ms="311" status="PASS">
          <params>
            <param index="0">
              <value>
                <![CDATA[org.testng.TestRunner@4b862408]]>
              </value>
            </param>
          </params>
          <reporter-output>
          </reporter-output>
        </test-method> <!-- get -->
        <test-method signature="delete(org.testng.ITestContext)[pri:4, instance:Trello_Board@4e096385]" started-at="2021-10-14T18:18:59 EDT" name="delete" finished-at="2021-10-14T18:19:01 EDT" depends-on-methods="Trello_Board.get" duration-ms="1297" status="PASS">
          <params>
            <param index="0">
              <value>
                <![CDATA[org.testng.TestRunner@4b862408]]>
              </value>
            </param>
          </params>
          <reporter-output>
          </reporter-output>
        </test-method> <!-- delete -->
      </class> <!-- Trello_Board -->
      <class name="Github">
        <test-method signature="post()[pri:1, instance:Github@2cd2a21f]" started-at="2021-10-14T18:18:52 EDT" name="post" finished-at="2021-10-14T18:18:56 EDT" duration-ms="4688" status="PASS">
          <reporter-output>
          </reporter-output>
        </test-method> <!-- post -->
        <test-method signature="patch_request()[pri:2, instance:Github@2cd2a21f]" started-at="2021-10-14T18:18:56 EDT" name="patch_request" finished-at="2021-10-14T18:18:57 EDT" duration-ms="552" status="PASS">
          <reporter-output>
          </reporter-output>
        </test-method> <!-- patch_request -->
        <test-method signature="Getrequest()[pri:3, instance:Github@2cd2a21f]" started-at="2021-10-14T18:18:57 EDT" name="Getrequest" finished-at="2021-10-14T18:18:57 EDT" depends-on-methods="Github.patch_request" duration-ms="273" status="PASS">
          <reporter-output>
          </reporter-output>
        </test-method> <!-- Getrequest -->
        <test-method signature="delete()[pri:4, instance:Github@2cd2a21f]" started-at="2021-10-14T18:18:57 EDT" name="delete" finished-at="2021-10-14T18:18:58 EDT" duration-ms="907" status="PASS">
          <reporter-output>
          </reporter-output>
        </test-method> <!-- delete -->
      </class> <!-- Github -->
    </test> <!-- Test -->
  </suite> <!-- Rest-assured -->
</testng-results>
